This is pdfTeX, Version 3.141592653-2.6-1.40.22 (TeX Live 2021) (preloaded format=pdflatex 2021.12.20)  22 FEB 2022 12:34
entering extended mode
 restricted \write18 enabled.
 %&-line parsing enabled.
**main
(./main.tex
LaTeX2e <2020-10-01> patch level 4
L3 programming layer <2021-05-07>
(/usr/share/texlive/texmf-dist/tex/latex/base/article.cls
Document Class: article 2020/04/10 v1.4m Standard LaTeX document class
(/usr/share/texlive/texmf-dist/tex/latex/base/size11.clo
File: size11.clo 2020/04/10 v1.4m Standard LaTeX file (size option)
)
\c@part=\count179
\c@section=\count180
\c@subsection=\count181
\c@subsubsection=\count182
\c@paragraph=\count183
\c@subparagraph=\count184
\c@figure=\count185
\c@table=\count186
\abovecaptionskip=\skip47
\belowcaptionskip=\skip48
\bibindent=\dimen138
)
(/usr/share/texlive/texmf-dist/tex/latex/biblatex/biblatex.sty
Package: biblatex 2020/12/31 v3.16 programmable bibliographies (PK/MW)

(/usr/share/texlive/texmf-dist/tex/generic/pdftexcmds/pdftexcmds.sty
Package: pdftexcmds 2020-06-27 v0.33 Utility functions of pdfTeX for LuaTeX (HO
)

(/usr/share/texlive/texmf-dist/tex/generic/infwarerr/infwarerr.sty
Package: infwarerr 2019/12/03 v1.5 Providing info/warning/error messages (HO)
)
(/usr/share/texlive/texmf-dist/tex/generic/iftex/iftex.sty
Package: iftex 2020/03/06 v1.0d TeX engine tests
)
(/usr/share/texlive/texmf-dist/tex/generic/ltxcmds/ltxcmds.sty
Package: ltxcmds 2020-05-10 v1.25 LaTeX kernel commands for general use (HO)
)
Package pdftexcmds Info: \pdf@primitive is available.
Package pdftexcmds Info: \pdf@ifprimitive is available.
Package pdftexcmds Info: \pdfdraftmode found.
)
(/usr/share/texlive/texmf-dist/tex/latex/etoolbox/etoolbox.sty
Package: etoolbox 2020/10/05 v2.5k e-TeX tools for LaTeX (JAW)
\etb@tempcnta=\count187
)
(/usr/share/texlive/texmf-dist/tex/latex/graphics/keyval.sty
Package: keyval 2014/10/28 v1.15 key=value parser (DPC)
\KV@toks@=\toks15
)
(/usr/share/texlive/texmf-dist/tex/latex/kvoptions/kvoptions.sty
Package: kvoptions 2020-10-07 v3.14 Key value format for package options (HO)

(/usr/share/texlive/texmf-dist/tex/generic/kvsetkeys/kvsetkeys.sty
Package: kvsetkeys 2019/12/15 v1.18 Key value parser (HO)
))
(/usr/share/texlive/texmf-dist/tex/latex/logreq/logreq.sty
Package: logreq 2010/08/04 v1.0 xml request logger
\lrq@indent=\count188

(/usr/share/texlive/texmf-dist/tex/latex/logreq/logreq.def
File: logreq.def 2010/08/04 v1.0 logreq spec v1.0
))
(/usr/share/texlive/texmf-dist/tex/latex/base/ifthen.sty
Package: ifthen 2014/09/29 v1.1c Standard LaTeX ifthen package (DPC)
)
(/usr/share/texlive/texmf-dist/tex/latex/url/url.sty
\Urlmuskip=\muskip16
Package: url 2013/09/16  ver 3.4  Verb mode for urls, etc.
)
\c@tabx@nest=\count189
\c@listtotal=\count190
\c@listcount=\count191
\c@liststart=\count192
\c@liststop=\count193
\c@citecount=\count194
\c@citetotal=\count195
\c@multicitecount=\count196
\c@multicitetotal=\count197
\c@instcount=\count198
\c@maxnames=\count199
\c@minnames=\count266
\c@maxitems=\count267
\c@minitems=\count268
\c@citecounter=\count269
\c@maxcitecounter=\count270
\c@savedcitecounter=\count271
\c@uniquelist=\count272
\c@uniquename=\count273
\c@refsection=\count274
\c@refsegment=\count275
\c@maxextratitle=\count276
\c@maxextratitleyear=\count277
\c@maxextraname=\count278
\c@maxextradate=\count279
\c@maxextraalpha=\count280
\c@abbrvpenalty=\count281
\c@highnamepenalty=\count282
\c@lownamepenalty=\count283
\c@maxparens=\count284
\c@parenlevel=\count285
\blx@tempcnta=\count286
\blx@tempcntb=\count287
\blx@tempcntc=\count288
\blx@maxsection=\count289
\blx@maxsegment@0=\count290
\blx@notetype=\count291
\blx@parenlevel@text=\count292
\blx@parenlevel@foot=\count293
\blx@sectionciteorder@0=\count294
\blx@entrysetcounter=\count295
\blx@biblioinstance=\count296
\labelnumberwidth=\skip49
\labelalphawidth=\skip50
\biblabelsep=\skip51
\bibitemsep=\skip52
\bibnamesep=\skip53
\bibinitsep=\skip54
\bibparsep=\skip55
\bibhang=\skip56
\blx@bcfin=\read2
\blx@bcfout=\write3
\blx@langwohyphens=\language3
\c@mincomprange=\count297
\c@maxcomprange=\count298
\c@mincompwidth=\count299
Package biblatex Info: Trying to load biblatex default data model...
Package biblatex Info: ... file 'blx-dm.def' found.

(/usr/share/texlive/texmf-dist/tex/latex/biblatex/blx-dm.def
File: blx-dm.def 2020/12/31 v3.16 biblatex localization (PK/MW)
)
Package biblatex Info: Trying to load biblatex style data model...
Package biblatex Info: ... file 'ieee.dbx' not found.
Package biblatex Info: Trying to load biblatex custom data model...
Package biblatex Info: ... file 'biblatex-dm.cfg' not found.
\c@afterword=\count300
\c@savedafterword=\count301
\c@annotator=\count302
\c@savedannotator=\count303
\c@author=\count304
\c@savedauthor=\count305
\c@bookauthor=\count306
\c@savedbookauthor=\count307
\c@commentator=\count308
\c@savedcommentator=\count309
\c@editor=\count310
\c@savededitor=\count311
\c@editora=\count312
\c@savededitora=\count313
\c@editorb=\count314
\c@savededitorb=\count315
\c@editorc=\count316
\c@savededitorc=\count317
\c@foreword=\count318
\c@savedforeword=\count319
\c@holder=\count320
\c@savedholder=\count321
\c@introduction=\count322
\c@savedintroduction=\count323
\c@namea=\count324
\c@savednamea=\count325
\c@nameb=\count326
\c@savednameb=\count327
\c@namec=\count328
\c@savednamec=\count329
\c@translator=\count330
\c@savedtranslator=\count331
\c@shortauthor=\count332
\c@savedshortauthor=\count333
\c@shorteditor=\count334
\c@savedshorteditor=\count335
\c@labelname=\count336
\c@savedlabelname=\count337
\c@institution=\count338
\c@savedinstitution=\count339
\c@lista=\count340
\c@savedlista=\count341
\c@listb=\count342
\c@savedlistb=\count343
\c@listc=\count344
\c@savedlistc=\count345
\c@listd=\count346
\c@savedlistd=\count347
\c@liste=\count348
\c@savedliste=\count349
\c@listf=\count350
\c@savedlistf=\count351
\c@location=\count352
\c@savedlocation=\count353
\c@organization=\count354
\c@savedorganization=\count355
\c@origlocation=\count356
\c@savedoriglocation=\count357
\c@origpublisher=\count358
\c@savedorigpublisher=\count359
\c@publisher=\count360
\c@savedpublisher=\count361
\c@language=\count362
\c@savedlanguage=\count363
\c@origlanguage=\count364
\c@savedoriglanguage=\count365
\c@pageref=\count366
\c@savedpageref=\count367
\shorthandwidth=\skip57
\shortjournalwidth=\skip58
\shortserieswidth=\skip59
\shorttitlewidth=\skip60
\shortauthorwidth=\skip61
\shorteditorwidth=\skip62
\locallabelnumberwidth=\skip63
\locallabelalphawidth=\skip64
\localshorthandwidth=\skip65
\localshortjournalwidth=\skip66
\localshortserieswidth=\skip67
\localshorttitlewidth=\skip68
\localshortauthorwidth=\skip69
\localshorteditorwidth=\skip70
Package biblatex Info: Trying to load compatibility code...
Package biblatex Info: ... file 'blx-compat.def' found.

(/usr/share/texlive/texmf-dist/tex/latex/biblatex/blx-compat.def
File: blx-compat.def 2020/12/31 v3.16 biblatex compatibility (PK/MW)
)
Package biblatex Info: Trying to load generic definitions...
Package biblatex Info: ... file 'biblatex.def' found.

(/usr/share/texlive/texmf-dist/tex/latex/biblatex/biblatex.def
File: biblatex.def 2020/12/31 v3.16 biblatex compatibility (PK/MW)
\c@textcitecount=\count368
\c@textcitetotal=\count369
\c@textcitemaxnames=\count370
\c@biburlbigbreakpenalty=\count371
\c@biburlbreakpenalty=\count372
\c@biburlnumpenalty=\count373
\c@biburlucpenalty=\count374
\c@biburllcpenalty=\count375
\biburlbigskip=\muskip17
\biburlnumskip=\muskip18
\biburlucskip=\muskip19
\biburllcskip=\muskip20
\c@smartand=\count376
)
Package biblatex Info: Trying to load bibliography style 'ieee'...
Package biblatex Info: ... file 'ieee.bbx' found.

(/usr/share/texlive/texmf-dist/tex/latex/biblatex-ieee/ieee.bbx
File: ieee.bbx 2021/03/25 v1.3e biblatex bibliography style
Package biblatex Info: Trying to load bibliography style 'numeric-comp'...
Package biblatex Info: ... file 'numeric-comp.bbx' found.

(/usr/share/texlive/texmf-dist/tex/latex/biblatex/bbx/numeric-comp.bbx
File: numeric-comp.bbx 2020/12/31 v3.16 biblatex bibliography style (PK/MW)
Package biblatex Info: Trying to load bibliography style 'numeric'...
Package biblatex Info: ... file 'numeric.bbx' found.

(/usr/share/texlive/texmf-dist/tex/latex/biblatex/bbx/numeric.bbx
File: numeric.bbx 2020/12/31 v3.16 biblatex bibliography style (PK/MW)
Package biblatex Info: Trying to load bibliography style 'standard'...
Package biblatex Info: ... file 'standard.bbx' found.

(/usr/share/texlive/texmf-dist/tex/latex/biblatex/bbx/standard.bbx
File: standard.bbx 2020/12/31 v3.16 biblatex bibliography style (PK/MW)
\c@bbx:relatedcount=\count377
\c@bbx:relatedtotal=\count378
))))
Package biblatex Info: Trying to load citation style 'ieee'...
Package biblatex Info: ... file 'ieee.cbx' found.

(/usr/share/texlive/texmf-dist/tex/latex/biblatex-ieee/ieee.cbx
File: ieee.cbx 2021/03/25 v1.3e biblatex citation style
Package biblatex Info: Trying to load citation style 'numeric-comp'...
Package biblatex Info: ... file 'numeric-comp.cbx' found.

(/usr/share/texlive/texmf-dist/tex/latex/biblatex/cbx/numeric-comp.cbx
File: numeric-comp.cbx 2020/12/31 v3.16 biblatex citation style (PK/MW)
\c@cbx@tempcnta=\count379
\c@cbx@tempcntb=\count380
\c@cbx@tempcntc=\count381
\c@cbx@tempcntd=\count382
Package biblatex Info: Redefining '\cite'.
Package biblatex Info: Redefining '\parencite'.
Package biblatex Info: Redefining '\footcite'.
Package biblatex Info: Redefining '\footcitetext'.
Package biblatex Info: Redefining '\smartcite'.
Package biblatex Info: Redefining '\supercite'.
Package biblatex Info: Redefining '\textcite'.
Package biblatex Info: Redefining '\textcites'.
Package biblatex Info: Redefining '\cites'.
Package biblatex Info: Redefining '\parencites'.
Package biblatex Info: Redefining '\smartcites'.
)
Package biblatex Info: Redefining '\cite'.
Package biblatex Info: Redefining '\cites'.
)
Package biblatex Info: Trying to load configuration file...
Package biblatex Info: ... file 'biblatex.cfg' found.

(/usr/share/texlive/texmf-dist/tex/latex/biblatex/biblatex.cfg
File: biblatex.cfg 
))
(/usr/share/texlive/texmf-dist/tex/latex/hyperref/hyperref.sty
Package: hyperref 2021-02-27 v7.00k Hypertext links for LaTeX

(/usr/share/texlive/texmf-dist/tex/generic/kvdefinekeys/kvdefinekeys.sty
Package: kvdefinekeys 2019-12-19 v1.6 Define keys (HO)
)
(/usr/share/texlive/texmf-dist/tex/generic/pdfescape/pdfescape.sty
Package: pdfescape 2019/12/09 v1.15 Implements pdfTeX's escape features (HO)
)
(/usr/share/texlive/texmf-dist/tex/latex/hycolor/hycolor.sty
Package: hycolor 2020-01-27 v1.10 Color options for hyperref/bookmark (HO)
)
(/usr/share/texlive/texmf-dist/tex/latex/letltxmacro/letltxmacro.sty
Package: letltxmacro 2019/12/03 v1.6 Let assignment for LaTeX macros (HO)
)
(/usr/share/texlive/texmf-dist/tex/latex/auxhook/auxhook.sty
Package: auxhook 2019-12-17 v1.6 Hooks for auxiliary files (HO)
)
\@linkdim=\dimen139
\Hy@linkcounter=\count383
\Hy@pagecounter=\count384

(/usr/share/texlive/texmf-dist/tex/latex/hyperref/pd1enc.def
File: pd1enc.def 2021-02-27 v7.00k Hyperref: PDFDocEncoding definition (HO)
Now handling font encoding PD1 ...
... no UTF-8 mapping file for font encoding PD1
)
(/usr/share/texlive/texmf-dist/tex/latex/hyperref/hyperref-langpatches.def
File: hyperref-langpatches.def 2021-02-27 v7.00k Hyperref: patches for babel la
nguages
)
(/usr/share/texlive/texmf-dist/tex/generic/intcalc/intcalc.sty
Package: intcalc 2019/12/15 v1.3 Expandable calculations with integers (HO)
)
(/usr/share/texlive/texmf-dist/tex/generic/etexcmds/etexcmds.sty
Package: etexcmds 2019/12/15 v1.7 Avoid name clashes with e-TeX commands (HO)
)
\Hy@SavedSpaceFactor=\count385

(/usr/share/texlive/texmf-dist/tex/latex/hyperref/puenc.def
File: puenc.def 2021-02-27 v7.00k Hyperref: PDF Unicode definition (HO)
Now handling font encoding PU ...
... no UTF-8 mapping file for font encoding PU
)
Package hyperref Info: Hyper figures OFF on input line 4192.
Package hyperref Info: Link nesting OFF on input line 4197.
Package hyperref Info: Hyper index ON on input line 4200.
Package hyperref Info: Plain pages OFF on input line 4207.
Package hyperref Info: Backreferencing OFF on input line 4212.
Package hyperref Info: Implicit mode ON; LaTeX internals redefined.
Package hyperref Info: Bookmarks ON on input line 4445.
\c@Hy@tempcnt=\count386
LaTeX Info: Redefining \url on input line 4804.
\XeTeXLinkMargin=\dimen140

(/usr/share/texlive/texmf-dist/tex/generic/bitset/bitset.sty
Package: bitset 2019/12/09 v1.3 Handle bit-vector datatype (HO)

(/usr/share/texlive/texmf-dist/tex/generic/bigintcalc/bigintcalc.sty
Package: bigintcalc 2019/12/15 v1.5 Expandable calculations on big integers (HO
)
))
\Fld@menulength=\count387
\Field@Width=\dimen141
\Fld@charsize=\dimen142
Package hyperref Info: Hyper figures OFF on input line 6075.
Package hyperref Info: Link nesting OFF on input line 6080.
Package hyperref Info: Hyper index ON on input line 6083.
Package hyperref Info: backreferencing OFF on input line 6090.
Package hyperref Info: Link coloring OFF on input line 6095.
Package hyperref Info: Link coloring with OCG OFF on input line 6100.
Package hyperref Info: PDF/A mode OFF on input line 6105.
LaTeX Info: Redefining \ref on input line 6145.
LaTeX Info: Redefining \pageref on input line 6149.

(/usr/share/texlive/texmf-dist/tex/latex/base/atbegshi-ltx.sty
Package: atbegshi-ltx 2020/08/17 v1.0a Emulation of the original atbegshi packa
ge
with kernel methods
)
\Hy@abspage=\count388
\c@Item=\count389
\c@Hfootnote=\count390
)
Package hyperref Info: Driver (autodetected): hpdftex.

(/usr/share/texlive/texmf-dist/tex/latex/hyperref/hpdftex.def
File: hpdftex.def 2021-02-27 v7.00k Hyperref driver for pdfTeX

(/usr/share/texlive/texmf-dist/tex/latex/base/atveryend-ltx.sty
Package: atveryend-ltx 2020/08/19 v1.0a Emulation of the original atvery packag
e
with kernel methods
)
\Fld@listcount=\count391
\c@bookmark@seq@number=\count392

(/usr/share/texlive/texmf-dist/tex/latex/rerunfilecheck/rerunfilecheck.sty
Package: rerunfilecheck 2019/12/05 v1.9 Rerun checks for auxiliary files (HO)

(/usr/share/texlive/texmf-dist/tex/generic/uniquecounter/uniquecounter.sty
Package: uniquecounter 2019/12/15 v1.4 Provide unlimited unique counter (HO)
)
Package uniquecounter Info: New unique counter `rerunfilecheck' on input line 2
86.
)
\Hy@SectionHShift=\skip71
)
Package hyperref Info: Option `colorlinks' set `true' on input line 7.
\@quotelevel=\count393
\@quotereset=\count394

(/usr/share/texlive/texmf-dist/tex/latex/l3backend/l3backend-pdftex.def
File: l3backend-pdftex.def 2021-05-07 L3 backend support: PDF output (pdfTeX)
\l__color_backend_stack_int=\count395
\l__pdf_internal_box=\box47
)
(./main.aux)
\openout1 = `main.aux'.

LaTeX Font Info:    Checking defaults for OML/cmm/m/it on input line 14.
LaTeX Font Info:    ... okay on input line 14.
LaTeX Font Info:    Checking defaults for OMS/cmsy/m/n on input line 14.
LaTeX Font Info:    ... okay on input line 14.
LaTeX Font Info:    Checking defaults for OT1/cmr/m/n on input line 14.
LaTeX Font Info:    ... okay on input line 14.
LaTeX Font Info:    Checking defaults for T1/cmr/m/n on input line 14.
LaTeX Font Info:    ... okay on input line 14.
LaTeX Font Info:    Checking defaults for TS1/cmr/m/n on input line 14.
LaTeX Font Info:    ... okay on input line 14.
LaTeX Font Info:    Checking defaults for OMX/cmex/m/n on input line 14.
LaTeX Font Info:    ... okay on input line 14.
LaTeX Font Info:    Checking defaults for U/cmr/m/n on input line 14.
LaTeX Font Info:    ... okay on input line 14.
LaTeX Font Info:    Checking defaults for PD1/pdf/m/n on input line 14.
LaTeX Font Info:    ... okay on input line 14.
LaTeX Font Info:    Checking defaults for PU/pdf/m/n on input line 14.
LaTeX Font Info:    ... okay on input line 14.
Package biblatex Info: Trying to load language 'english'...
Package biblatex Info: ... file 'english.lbx' found.
 (/usr/share/texlive/texmf-dist/tex/latex/biblatex/lbx/english.lbx
File: english.lbx 2020/12/31 v3.16 biblatex localization (PK/MW)
)
Package biblatex Info: Input encoding 'utf8' detected.
Package biblatex Info: Automatic encoding selection.
(biblatex)             Assuming data encoding 'utf8'.
Package biblatex Info: Document encoding is UTF8 ....
(/usr/share/texlive/texmf-dist/tex/latex/l3kernel/expl3.sty
Package: expl3 2021-05-07 L3 programming layer (loader) 
)
Package biblatex Info: ... and expl3
(biblatex)             2021-05-07 L3 programming layer (loader) 
(biblatex)             is new enough (at least 2020/04/06),
(biblatex)             setting 'casechanger=expl3'.

(/usr/share/texlive/texmf-dist/tex/latex/biblatex/blx-case-expl3.sty
(/usr/share/texlive/texmf-dist/tex/latex/l3packages/xparse/xparse.sty
(/usr/share/texlive/texmf-dist/tex/latex/l3packages/xparse/xparse-2020-10-01.st
y (/usr/share/texlive/texmf-dist/tex/latex/l3packages/xparse/xparse-generic.tex
)))
Package: blx-case-expl3 2020/12/31 v3.16 expl3 case changing code for biblatex
)
\openout3 = `main.bcf'.

Package biblatex Info: Trying to load bibliographic data...
Package biblatex Info: ... file 'main.bbl' found.
 (./main.bbl)
Package biblatex Info: Reference section=0 on input line 14.
Package biblatex Info: Reference segment=0 on input line 14.
 (/usr/share/texlive/texmf-dist/tex/latex/graphics/color.sty
Package: color 2020/02/24 v1.2b Standard LaTeX Color (DPC)

(/usr/share/texlive/texmf-dist/tex/latex/graphics-cfg/color.cfg
File: color.cfg 2016/01/02 v1.6 sample color configuration
)
Package color Info: Driver file: pdftex.def on input line 147.

(/usr/share/texlive/texmf-dist/tex/latex/graphics-def/pdftex.def
File: pdftex.def 2020/10/05 v1.2a Graphics/color driver for pdftex

(/usr/share/texlive/texmf-dist/tex/context/base/mkii/supp-pdf.mkii
[Loading MPS to PDF converter (version 2006.09.02).]
\scratchcounter=\count396
\scratchdimen=\dimen143
\scratchbox=\box48
\nofMPsegments=\count397
\nofMParguments=\count398
\everyMPshowfont=\toks16
\MPscratchCnt=\count399
\MPscratchDim=\dimen144
\MPnumerator=\count400
\makeMPintoPDFobject=\count401
\everyMPtoPDFconversion=\toks17
)))
Package hyperref Info: Link coloring ON on input line 14.
 (/usr/share/texlive/texmf-dist/tex/latex/hyperref/nameref.sty
Package: nameref 2021-04-02 v2.47 Cross-referencing by name of section

(/usr/share/texlive/texmf-dist/tex/latex/refcount/refcount.sty
Package: refcount 2019/12/15 v3.6 Data extraction from label references (HO)
)
(/usr/share/texlive/texmf-dist/tex/generic/gettitlestring/gettitlestring.sty
Package: gettitlestring 2019/12/15 v1.6 Cleanup title references (HO)
)
\c@section@level=\count402
)
LaTeX Info: Redefining \ref on input line 14.
LaTeX Info: Redefining \pageref on input line 14.
LaTeX Info: Redefining \nameref on input line 14.

(./main.out) (./main.out)
\@outlinefile=\write4
\openout4 = `main.out'.

LaTeX Font Info:    External font `cmex10' loaded for size
(Font)              <12> on input line 16.
LaTeX Font Info:    External font `cmex10' loaded for size
(Font)              <8> on input line 16.
LaTeX Font Info:    External font `cmex10' loaded for size
(Font)              <6> on input line 16.
 [1

{/usr/share/texlive/texmf-var/fonts/map/pdftex/updmap/pdftex.map

pdfTeX warning: pdflatex (file /usr/share/texlive/texmf-var/fonts/map/pdftex/up
dmap/pdftex.map): fontmap entry for `pagd8z' already exists, duplicates ignored



pdfTeX warning: pdflatex (file /usr/share/texlive/texmf-var/fonts/map/pdftex/up
dmap/pdftex.map): fontmap entry for `pagdo8z' already exists, duplicates ignore
d


pdfTeX warning: pdflatex (file /usr/share/texlive/texmf-var/fonts/map/pdftex/up
dmap/pdftex.map): fontmap entry for `pagk8z' already exists, duplicates ignored



pdfTeX warning: pdflatex (file /usr/share/texlive/texmf-var/fonts/map/pdftex/up
dmap/pdftex.map): fontmap entry for `pagko8z' already exists, duplicates ignore
d


pdfTeX warning: pdflatex (file /usr/share/texlive/texmf-var/fonts/map/pdftex/up
dmap/pdftex.map): fontmap entry for `pbkd8z' already exists, duplicates ignored



pdfTeX warning: pdflatex (file /usr/share/texlive/texmf-var/fonts/map/pdftex/up
dmap/pdftex.map): fontmap entry for `pbkdi8z' already exists, duplicates ignore
d


pdfTeX warning: pdflatex (file /usr/share/texlive/texmf-var/fonts/map/pdftex/up
dmap/pdftex.map): fontmap entry for `pbkl8z' already exists, duplicates ignored



pdfTeX warning: pdflatex (file /usr/share/texlive/texmf-var/fonts/map/pdftex/up
dmap/pdftex.map): fontmap entry for `pbkli8z' already exists, duplicates ignore
d


pdfTeX warning: pdflatex (file /usr/share/texlive/texmf-var/fonts/map/pdftex/up
dmap/pdftex.map): fontmap entry for `pcrb8u' already exists, duplicates ignored



pdfTeX warning: pdflatex (file /usr/share/texlive/texmf-var/fonts/map/pdftex/up
dmap/pdftex.map): fontmap entry for `pcrbo8u' already exists, duplicates ignore
d


pdfTeX warning: pdflatex (file /usr/share/texlive/texmf-var/fonts/map/pdftex/up
dmap/pdftex.map): fontmap entry for `pcrr8u' already exists, duplicates ignored



pdfTeX warning: pdflatex (file /usr/share/texlive/texmf-var/fonts/map/pdftex/up
dmap/pdftex.map): fontmap entry for `pcrro8u' already exists, duplicates ignore
d


pdfTeX warning: pdflatex (file /usr/share/texlive/texmf-var/fonts/map/pdftex/up
dmap/pdftex.map): fontmap entry for `phvb8z' already exists, duplicates ignored



pdfTeX warning: pdflatex (file /usr/share/texlive/texmf-var/fonts/map/pdftex/up
dmap/pdftex.map): fontmap entry for `phvbn8z' already exists, duplicates ignore
d


pdfTeX warning: pdflatex (file /usr/share/texlive/texmf-var/fonts/map/pdftex/up
dmap/pdftex.map): fontmap entry for `phvbo8z' already exists, duplicates ignore
d


pdfTeX warning: pdflatex (file /usr/share/texlive/texmf-var/fonts/map/pdftex/up
dmap/pdftex.map): fontmap entry for `phvbon8z' already exists, duplicates ignor
ed


pdfTeX warning: pdflatex (file /usr/share/texlive/texmf-var/fonts/map/pdftex/up
dmap/pdftex.map): fontmap entry for `phvr8z' already exists, duplicates ignored



pdfTeX warning: pdflatex (file /usr/share/texlive/texmf-var/fonts/map/pdftex/up
dmap/pdftex.map): fontmap entry for `phvrn8z' already exists, duplicates ignore
d


pdfTeX warning: pdflatex (file /usr/share/texlive/texmf-var/fonts/map/pdftex/up
dmap/pdftex.map): fontmap entry for `phvro8z' already exists, duplicates ignore
d


pdfTeX warning: pdflatex (file /usr/share/texlive/texmf-var/fonts/map/pdftex/up
dmap/pdftex.map): fontmap entry for `phvron8z' already exists, duplicates ignor
ed


pdfTeX warning: pdflatex (file /usr/share/texlive/texmf-var/fonts/map/pdftex/up
dmap/pdftex.map): fontmap entry for `pncb8z' already exists, duplicates ignored



pdfTeX warning: pdflatex (file /usr/share/texlive/texmf-var/fonts/map/pdftex/up
dmap/pdftex.map): fontmap entry for `pncbi8z' already exists, duplicates ignore
d


pdfTeX warning: pdflatex (file /usr/share/texlive/texmf-var/fonts/map/pdftex/up
dmap/pdftex.map): fontmap entry for `pncr8z' already exists, duplicates ignored



pdfTeX warning: pdflatex (file /usr/share/texlive/texmf-var/fonts/map/pdftex/up
dmap/pdftex.map): fontmap entry for `pncri8z' already exists, duplicates ignore
d


pdfTeX warning: pdflatex (file /usr/share/texlive/texmf-var/fonts/map/pdftex/up
dmap/pdftex.map): fontmap entry for `pplb8z' already exists, duplicates ignored



pdfTeX warning: pdflatex (file /usr/share/texlive/texmf-var/fonts/map/pdftex/up
dmap/pdftex.map): fontmap entry for `pplbi8z' already exists, duplicates ignore
d


pdfTeX warning: pdflatex (file /usr/share/texlive/texmf-var/fonts/map/pdftex/up
dmap/pdftex.map): fontmap entry for `pplr8z' already exists, duplicates ignored



pdfTeX warning: pdflatex (file /usr/share/texlive/texmf-var/fonts/map/pdftex/up
dmap/pdftex.map): fontmap entry for `pplri8z' already exists, duplicates ignore
d


pdfTeX warning: pdflatex (file /usr/share/texlive/texmf-var/fonts/map/pdftex/up
dmap/pdftex.map): fontmap entry for `ptmb8z' already exists, duplicates ignored



pdfTeX warning: pdflatex (file /usr/share/texlive/texmf-var/fonts/map/pdftex/up
dmap/pdftex.map): fontmap entry for `ptmbi8z' already exists, duplicates ignore
d


pdfTeX warning: pdflatex (file /usr/share/texlive/texmf-var/fonts/map/pdftex/up
dmap/pdftex.map): fontmap entry for `ptmr8z' already exists, duplicates ignored



pdfTeX warning: pdflatex (file /usr/share/texlive/texmf-var/fonts/map/pdftex/up
dmap/pdftex.map): fontmap entry for `ptmri8z' already exists, duplicates ignore
d


pdfTeX warning: pdflatex (file /usr/share/texlive/texmf-var/fonts/map/pdftex/up
dmap/pdftex.map): fontmap entry for `pzcmi8z' already exists, duplicates ignore
d


pdfTeX warning: pdflatex (file /usr/share/texlive/texmf-var/fonts/map/pdftex/up
dmap/pdftex.map): ambiguous entry for `UniClass[letter]': font file present but
 not included, will be treated as font file not present


pdfTeX warning: pdflatex (file /usr/share/texlive/texmf-var/fonts/map/pdftex/up
dmap/pdftex.map): fontmap entry for `pagd8y' already exists, duplicates ignored



pdfTeX warning: pdflatex (file /usr/share/texlive/texmf-var/fonts/map/pdftex/up
dmap/pdftex.map): fontmap entry for `pagdo8y' already exists, duplicates ignore
d


pdfTeX warning: pdflatex (file /usr/share/texlive/texmf-var/fonts/map/pdftex/up
dmap/pdftex.map): fontmap entry for `pagk8y' already exists, duplicates ignored



pdfTeX warning: pdflatex (file /usr/share/texlive/texmf-var/fonts/map/pdftex/up
dmap/pdftex.map): fontmap entry for `pagko8y' already exists, duplicates ignore
d


pdfTeX warning: pdflatex (file /usr/share/texlive/texmf-var/fonts/map/pdftex/up
dmap/pdftex.map): fontmap entry for `pbkd8y' already exists, duplicates ignored



pdfTeX warning: pdflatex (file /usr/share/texlive/texmf-var/fonts/map/pdftex/up
dmap/pdftex.map): fontmap entry for `pbkdi8y' already exists, duplicates ignore
d


pdfTeX warning: pdflatex (file /usr/share/texlive/texmf-var/fonts/map/pdftex/up
dmap/pdftex.map): invalid entry for `pbkdo8y': SlantFont/ExtendFont can be used
 only with embedded Type1 fonts


pdfTeX warning: pdflatex (file /usr/share/texlive/texmf-var/fonts/map/pdftex/up
dmap/pdftex.map): fontmap entry for `pbkl8y' already exists, duplicates ignored



pdfTeX warning: pdflatex (file /usr/share/texlive/texmf-var/fonts/map/pdftex/up
dmap/pdftex.map): fontmap entry for `pbkli8y' already exists, duplicates ignore
d


pdfTeX warning: pdflatex (file /usr/share/texlive/texmf-var/fonts/map/pdftex/up
dmap/pdftex.map): invalid entry for `pbklo8y': SlantFont/ExtendFont can be used
 only with embedded Type1 fonts


pdfTeX warning: pdflatex (file /usr/share/texlive/texmf-var/fonts/map/pdftex/up
dmap/pdftex.map): fontmap entry for `pcrb8y' already exists, duplicates ignored



pdfTeX warning: pdflatex (file /usr/share/texlive/texmf-var/fonts/map/pdftex/up
dmap/pdftex.map): fontmap entry for `pcrbo8y' already exists, duplicates ignore
d


pdfTeX warning: pdflatex (file /usr/share/texlive/texmf-var/fonts/map/pdftex/up
dmap/pdftex.map): fontmap entry for `pcrr8y' already exists, duplicates ignored



pdfTeX warning: pdflatex (file /usr/share/texlive/texmf-var/fonts/map/pdftex/up
dmap/pdftex.map): fontmap entry for `pcrro8y' already exists, duplicates ignore
d


pdfTeX warning: pdflatex (file /usr/share/texlive/texmf-var/fonts/map/pdftex/up
dmap/pdftex.map): invalid entry for `pcrr8rn': SlantFont/ExtendFont can be used
 only with embedded Type1 fonts


pdfTeX warning: pdflatex (file /usr/share/texlive/texmf-var/fonts/map/pdftex/up
dmap/pdftex.map): fontmap entry for `phvb8y' already exists, duplicates ignored



pdfTeX warning: pdflatex (file /usr/share/texlive/texmf-var/fonts/map/pdftex/up
dmap/pdftex.map): fontmap entry for `phvb8yn' already exists, duplicates ignore
d


pdfTeX warning: pdflatex (file /usr/share/texlive/texmf-var/fonts/map/pdftex/up
dmap/pdftex.map): fontmap entry for `phvbo8y' already exists, duplicates ignore
d


pdfTeX warning: pdflatex (file /usr/share/texlive/texmf-var/fonts/map/pdftex/up
dmap/pdftex.map): fontmap entry for `phvbo8yn' already exists, duplicates ignor
ed


pdfTeX warning: pdflatex (file /usr/share/texlive/texmf-var/fonts/map/pdftex/up
dmap/pdftex.map): fontmap entry for `phvr8y' already exists, duplicates ignored



pdfTeX warning: pdflatex (file /usr/share/texlive/texmf-var/fonts/map/pdftex/up
dmap/pdftex.map): fontmap entry for `phvr8yn' already exists, duplicates ignore
d


pdfTeX warning: pdflatex (file /usr/share/texlive/texmf-var/fonts/map/pdftex/up
dmap/pdftex.map): fontmap entry for `phvro8y' already exists, duplicates ignore
d


pdfTeX warning: pdflatex (file /usr/share/texlive/texmf-var/fonts/map/pdftex/up
dmap/pdftex.map): fontmap entry for `phvro8yn' already exists, duplicates ignor
ed


pdfTeX warning: pdflatex (file /usr/share/texlive/texmf-var/fonts/map/pdftex/up
dmap/pdftex.map): fontmap entry for `pncb8y' already exists, duplicates ignored



pdfTeX warning: pdflatex (file /usr/share/texlive/texmf-var/fonts/map/pdftex/up
dmap/pdftex.map): fontmap entry for `pncbi8y' already exists, duplicates ignore
d


pdfTeX warning: pdflatex (file /usr/share/texlive/texmf-var/fonts/map/pdftex/up
dmap/pdftex.map): invalid entry for `pncbo8y': SlantFont/ExtendFont can be used
 only with embedded Type1 fonts


pdfTeX warning: pdflatex (file /usr/share/texlive/texmf-var/fonts/map/pdftex/up
dmap/pdftex.map): fontmap entry for `pncr8y' already exists, duplicates ignored



pdfTeX warning: pdflatex (file /usr/share/texlive/texmf-var/fonts/map/pdftex/up
dmap/pdftex.map): fontmap entry for `pncri8y' already exists, duplicates ignore
d


pdfTeX warning: pdflatex (file /usr/share/texlive/texmf-var/fonts/map/pdftex/up
dmap/pdftex.map): invalid entry for `pncro8y': SlantFont/ExtendFont can be used
 only with embedded Type1 fonts


pdfTeX warning: pdflatex (file /usr/share/texlive/texmf-var/fonts/map/pdftex/up
dmap/pdftex.map): fontmap entry for `pplb8y' already exists, duplicates ignored



pdfTeX warning: pdflatex (file /usr/share/texlive/texmf-var/fonts/map/pdftex/up
dmap/pdftex.map): fontmap entry for `pplbi8y' already exists, duplicates ignore
d


pdfTeX warning: pdflatex (file /usr/share/texlive/texmf-var/fonts/map/pdftex/up
dmap/pdftex.map): invalid entry for `pplbo8y': SlantFont/ExtendFont can be used
 only with embedded Type1 fonts


pdfTeX warning: pdflatex (file /usr/share/texlive/texmf-var/fonts/map/pdftex/up
dmap/pdftex.map): invalid entry for `pplbu8y': SlantFont/ExtendFont can be used
 only with embedded Type1 fonts


pdfTeX warning: pdflatex (file /usr/share/texlive/texmf-var/fonts/map/pdftex/up
dmap/pdftex.map): fontmap entry for `pplr8y' already exists, duplicates ignored



pdfTeX warning: pdflatex (file /usr/share/texlive/texmf-var/fonts/map/pdftex/up
dmap/pdftex.map): invalid entry for `pplr8yn': SlantFont/ExtendFont can be used
 only with embedded Type1 fonts


pdfTeX warning: pdflatex (file /usr/share/texlive/texmf-var/fonts/map/pdftex/up
dmap/pdftex.map): fontmap entry for `pplri8y' already exists, duplicates ignore
d


pdfTeX warning: pdflatex (file /usr/share/texlive/texmf-var/fonts/map/pdftex/up
dmap/pdftex.map): invalid entry for `pplro8y': SlantFont/ExtendFont can be used
 only with embedded Type1 fonts


pdfTeX warning: pdflatex (file /usr/share/texlive/texmf-var/fonts/map/pdftex/up
dmap/pdftex.map): invalid entry for `pplrr8ye': SlantFont/ExtendFont can be use
d only with embedded Type1 fonts


pdfTeX warning: pdflatex (file /usr/share/texlive/texmf-var/fonts/map/pdftex/up
dmap/pdftex.map): invalid entry for `pplru8y': SlantFont/ExtendFont can be used
 only with embedded Type1 fonts


pdfTeX warning: pdflatex (file /usr/share/texlive/texmf-var/fonts/map/pdftex/up
dmap/pdftex.map): fontmap entry for `ptmb8y' already exists, duplicates ignored



pdfTeX warning: pdflatex (file /usr/share/texlive/texmf-var/fonts/map/pdftex/up
dmap/pdftex.map): fontmap entry for `ptmbi8y' already exists, duplicates ignore
d


pdfTeX warning: pdflatex (file /usr/share/texlive/texmf-var/fonts/map/pdftex/up
dmap/pdftex.map): invalid entry for `ptmbo8y': SlantFont/ExtendFont can be used
 only with embedded Type1 fonts


pdfTeX warning: pdflatex (file /usr/share/texlive/texmf-var/fonts/map/pdftex/up
dmap/pdftex.map): fontmap entry for `ptmr8y' already exists, duplicates ignored



pdfTeX warning: pdflatex (file /usr/share/texlive/texmf-var/fonts/map/pdftex/up
dmap/pdftex.map): invalid entry for `ptmr8yn': SlantFont/ExtendFont can be used
 only with embedded Type1 fonts


pdfTeX warning: pdflatex (file /usr/share/texlive/texmf-var/fonts/map/pdftex/up
dmap/pdftex.map): fontmap entry for `ptmri8y' already exists, duplicates ignore
d


pdfTeX warning: pdflatex (file /usr/share/texlive/texmf-var/fonts/map/pdftex/up
dmap/pdftex.map): invalid entry for `ptmro8y': SlantFont/ExtendFont can be used
 only with embedded Type1 fonts


pdfTeX warning: pdflatex (file /usr/share/texlive/texmf-var/fonts/map/pdftex/up
dmap/pdftex.map): invalid entry for `ptmrr8ye': SlantFont/ExtendFont can be use
d only with embedded Type1 fonts


pdfTeX warning: pdflatex (file /usr/share/texlive/texmf-var/fonts/map/pdftex/up
dmap/pdftex.map): ambiguous entry for `rpcxbsl': font file present but not incl
uded, will be treated as font file not present


pdfTeX warning: pdflatex (file /usr/share/texlive/texmf-var/fonts/map/pdftex/up
dmap/pdftex.map): ambiguous entry for `rpcxsl': font file present but not inclu
ded, will be treated as font file not present


pdfTeX warning: pdflatex (file /usr/share/texlive/texmf-var/fonts/map/pdftex/up
dmap/pdftex.map): ambiguous entry for `rpxbsl': font file present but not inclu
ded, will be treated as font file not present


pdfTeX warning: pdflatex (file /usr/share/texlive/texmf-var/fonts/map/pdftex/up
dmap/pdftex.map): ambiguous entry for `rpxpplb': font file present but not incl
uded, will be treated as font file not present


pdfTeX warning: pdflatex (file /usr/share/texlive/texmf-var/fonts/map/pdftex/up
dmap/pdftex.map): fontmap entry for `rpxpplb' already exists, duplicates ignore
d


pdfTeX warning: pdflatex (file /usr/share/texlive/texmf-var/fonts/map/pdftex/up
dmap/pdftex.map): ambiguous entry for `rpxpplbi': font file present but not inc
luded, will be treated as font file not present


pdfTeX warning: pdflatex (file /usr/share/texlive/texmf-var/fonts/map/pdftex/up
dmap/pdftex.map): fontmap entry for `rpxpplbi' already exists, duplicates ignor
ed


pdfTeX warning: pdflatex (file /usr/share/texlive/texmf-var/fonts/map/pdftex/up
dmap/pdftex.map): ambiguous entry for `rpxpplbo': font file present but not inc
luded, will be treated as font file not present


pdfTeX warning: pdflatex (file /usr/share/texlive/texmf-var/fonts/map/pdftex/up
dmap/pdftex.map): fontmap entry for `rpxpplbo' already exists, duplicates ignor
ed


pdfTeX warning: pdflatex (file /usr/share/texlive/texmf-var/fonts/map/pdftex/up
dmap/pdftex.map): ambiguous entry for `rpxpplr': font file present but not incl
uded, will be treated as font file not present


pdfTeX warning: pdflatex (file /usr/share/texlive/texmf-var/fonts/map/pdftex/up
dmap/pdftex.map): fontmap entry for `rpxpplr' already exists, duplicates ignore
d


pdfTeX warning: pdflatex (file /usr/share/texlive/texmf-var/fonts/map/pdftex/up
dmap/pdftex.map): ambiguous entry for `rpxpplri': font file present but not inc
luded, will be treated as font file not present


pdfTeX warning: pdflatex (file /usr/share/texlive/texmf-var/fonts/map/pdftex/up
dmap/pdftex.map): fontmap entry for `rpxpplri' already exists, duplicates ignor
ed


pdfTeX warning: pdflatex (file /usr/share/texlive/texmf-var/fonts/map/pdftex/up
dmap/pdftex.map): ambiguous entry for `rpxpplro': font file present but not inc
luded, will be treated as font file not present


pdfTeX warning: pdflatex (file /usr/share/texlive/texmf-var/fonts/map/pdftex/up
dmap/pdftex.map): fontmap entry for `rpxpplro' already exists, duplicates ignor
ed


pdfTeX warning: pdflatex (file /usr/share/texlive/texmf-var/fonts/map/pdftex/up
dmap/pdftex.map): ambiguous entry for `rpxsl': font file present but not includ
ed, will be treated as font file not present


pdfTeX warning: pdflatex (file /usr/share/texlive/texmf-var/fonts/map/pdftex/up
dmap/pdftex.map): fontmap entry for `pzcmi8y' already exists, duplicates ignore
d


pdfTeX warning: pdflatex (file /usr/share/texlive/texmf-var/fonts/map/pdftex/up
dmap/pdftex.map): fontmap entry for `pagd8g' already exists, duplicates ignored



pdfTeX warning: pdflatex (file /usr/share/texlive/texmf-var/fonts/map/pdftex/up
dmap/pdftex.map): fontmap entry for `pagdo8g' already exists, duplicates ignore
d


pdfTeX warning: pdflatex (file /usr/share/texlive/texmf-var/fonts/map/pdftex/up
dmap/pdftex.map): fontmap entry for `pagk8g' already exists, duplicates ignored



pdfTeX warning: pdflatex (file /usr/share/texlive/texmf-var/fonts/map/pdftex/up
dmap/pdftex.map): fontmap entry for `pagko8g' already exists, duplicates ignore
d


pdfTeX warning: pdflatex (file /usr/share/texlive/texmf-var/fonts/map/pdftex/up
dmap/pdftex.map): fontmap entry for `pbkd8g' already exists, duplicates ignored



pdfTeX warning: pdflatex (file /usr/share/texlive/texmf-var/fonts/map/pdftex/up
dmap/pdftex.map): fontmap entry for `pbkdi8g' already exists, duplicates ignore
d


pdfTeX warning: pdflatex (file /usr/share/texlive/texmf-var/fonts/map/pdftex/up
dmap/pdftex.map): fontmap entry for `pbkl8g' already exists, duplicates ignored



pdfTeX warning: pdflatex (file /usr/share/texlive/texmf-var/fonts/map/pdftex/up
dmap/pdftex.map): fontmap entry for `pbkli8g' already exists, duplicates ignore
d


pdfTeX warning: pdflatex (file /usr/share/texlive/texmf-var/fonts/map/pdftex/up
dmap/pdftex.map): fontmap entry for `pcrb8g' already exists, duplicates ignored



pdfTeX warning: pdflatex (file /usr/share/texlive/texmf-var/fonts/map/pdftex/up
dmap/pdftex.map): fontmap entry for `pcrbo8g' already exists, duplicates ignore
d


pdfTeX warning: pdflatex (file /usr/share/texlive/texmf-var/fonts/map/pdftex/up
dmap/pdftex.map): fontmap entry for `pcrr8g' already exists, duplicates ignored



pdfTeX warning: pdflatex (file /usr/share/texlive/texmf-var/fonts/map/pdftex/up
dmap/pdftex.map): fontmap entry for `pcrro8g' already exists, duplicates ignore
d


pdfTeX warning: pdflatex (file /usr/share/texlive/texmf-var/fonts/map/pdftex/up
dmap/pdftex.map): fontmap entry for `phvb8g' already exists, duplicates ignored



pdfTeX warning: pdflatex (file /usr/share/texlive/texmf-var/fonts/map/pdftex/up
dmap/pdftex.map): fontmap entry for `phvbo8g' already exists, duplicates ignore
d


pdfTeX warning: pdflatex (file /usr/share/texlive/texmf-var/fonts/map/pdftex/up
dmap/pdftex.map): fontmap entry for `phvr8g' already exists, duplicates ignored



pdfTeX warning: pdflatex (file /usr/share/texlive/texmf-var/fonts/map/pdftex/up
dmap/pdftex.map): fontmap entry for `phvro8g' already exists, duplicates ignore
d


pdfTeX warning: pdflatex (file /usr/share/texlive/texmf-var/fonts/map/pdftex/up
dmap/pdftex.map): fontmap entry for `pncb8g' already exists, duplicates ignored



pdfTeX warning: pdflatex (file /usr/share/texlive/texmf-var/fonts/map/pdftex/up
dmap/pdftex.map): fontmap entry for `pncbi8g' already exists, duplicates ignore
d


pdfTeX warning: pdflatex (file /usr/share/texlive/texmf-var/fonts/map/pdftex/up
dmap/pdftex.map): fontmap entry for `pncr8g' already exists, duplicates ignored



pdfTeX warning: pdflatex (file /usr/share/texlive/texmf-var/fonts/map/pdftex/up
dmap/pdftex.map): fontmap entry for `pncri8g' already exists, duplicates ignore
d


pdfTeX warning: pdflatex (file /usr/share/texlive/texmf-var/fonts/map/pdftex/up
dmap/pdftex.map): fontmap entry for `pplb8g' already exists, duplicates ignored



pdfTeX warning: pdflatex (file /usr/share/texlive/texmf-var/fonts/map/pdftex/up
dmap/pdftex.map): fontmap entry for `pplbi8g' already exists, duplicates ignore
d


pdfTeX warning: pdflatex (file /usr/share/texlive/texmf-var/fonts/map/pdftex/up
dmap/pdftex.map): fontmap entry for `pplr8g' already exists, duplicates ignored



pdfTeX warning: pdflatex (file /usr/share/texlive/texmf-var/fonts/map/pdftex/up
dmap/pdftex.map): fontmap entry for `pplri8g' already exists, duplicates ignore
d


pdfTeX warning: pdflatex (file /usr/share/texlive/texmf-var/fonts/map/pdftex/up
dmap/pdftex.map): fontmap entry for `psyr' already exists, duplicates ignored


pdfTeX warning: pdflatex (file /usr/share/texlive/texmf-var/fonts/map/pdftex/up
dmap/pdftex.map): fontmap entry for `psyrgo' already exists, duplicates ignored



pdfTeX warning: pdflatex (file /usr/share/texlive/texmf-var/fonts/map/pdftex/up
dmap/pdftex.map): fontmap entry for `ptmb8g' already exists, duplicates ignored



pdfTeX warning: pdflatex (file /usr/share/texlive/texmf-var/fonts/map/pdftex/up
dmap/pdftex.map): fontmap entry for `ptmbi8g' already exists, duplicates ignore
d


pdfTeX warning: pdflatex (file /usr/share/texlive/texmf-var/fonts/map/pdftex/up
dmap/pdftex.map): fontmap entry for `ptmr8g' already exists, duplicates ignored



pdfTeX warning: pdflatex (file /usr/share/texlive/texmf-var/fonts/map/pdftex/up
dmap/pdftex.map): fontmap entry for `ptmri8g' already exists, duplicates ignore
d


pdfTeX warning: pdflatex (file /usr/share/texlive/texmf-var/fonts/map/pdftex/up
dmap/pdftex.map): fontmap entry for `pzcmi8g' already exists, duplicates ignore
d


pdfTeX warning: pdflatex (file /usr/share/texlive/texmf-var/fonts/map/pdftex/up
dmap/pdftex.map): fontmap entry for `pzdr' already exists, duplicates ignored


pdfTeX warning: pdflatex (file /usr/share/texlive/texmf-var/fonts/map/pdftex/up
dmap/pdftex.map): fontmap entry for `rtxphvb' already exists, duplicates ignore
d


pdfTeX warning: pdflatex (file /usr/share/texlive/texmf-var/fonts/map/pdftex/up
dmap/pdftex.map): fontmap entry for `rtxphvbo' already exists, duplicates ignor
ed


pdfTeX warning: pdflatex (file /usr/share/texlive/texmf-var/fonts/map/pdftex/up
dmap/pdftex.map): fontmap entry for `rtxphvr' already exists, duplicates ignore
d


pdfTeX warning: pdflatex (file /usr/share/texlive/texmf-var/fonts/map/pdftex/up
dmap/pdftex.map): fontmap entry for `rtxphvro' already exists, duplicates ignor
ed


pdfTeX warning: pdflatex (file /usr/share/texlive/texmf-var/fonts/map/pdftex/up
dmap/pdftex.map): fontmap entry for `rtxptmb' already exists, duplicates ignore
d


pdfTeX warning: pdflatex (file /usr/share/texlive/texmf-var/fonts/map/pdftex/up
dmap/pdftex.map): fontmap entry for `rtxptmbi' already exists, duplicates ignor
ed


pdfTeX warning: pdflatex (file /usr/share/texlive/texmf-var/fonts/map/pdftex/up
dmap/pdftex.map): fontmap entry for `rtxptmbo' already exists, duplicates ignor
ed


pdfTeX warning: pdflatex (file /usr/share/texlive/texmf-var/fonts/map/pdftex/up
dmap/pdftex.map): fontmap entry for `rtxptmr' already exists, duplicates ignore
d


pdfTeX warning: pdflatex (file /usr/share/texlive/texmf-var/fonts/map/pdftex/up
dmap/pdftex.map): fontmap entry for `rtxptmri' already exists, duplicates ignor
ed


pdfTeX warning: pdflatex (file /usr/share/texlive/texmf-var/fonts/map/pdftex/up
dmap/pdftex.map): fontmap entry for `rtxptmro' already exists, duplicates ignor
ed
}]
LaTeX Font Info:    External font `cmex10' loaded for size
(Font)              <10.95> on input line 59.
 [2] (./main.aux)
Package rerunfilecheck Info: File `main.out' has not changed.
(rerunfilecheck)             Checksum: 57606A32124BB59E91CDCDCBECA2DF49;476.
Package logreq Info: Writing requests to 'main.run.xml'.
\openout1 = `main.run.xml'.

 ) 
Here is how much of TeX's memory you used:
 14852 strings out of 480852
 256698 string characters out of 5906872
 958333 words of memory out of 6000000
 32037 multiletter control sequences out of 15000+600000
 408154 words of font info for 43 fonts, out of 8000000 for 9000
 14 hyphenation exceptions out of 8191
 62i,6n,67p,1042b,1317s stack positions out of 5000i,500n,10000p,200000b,80000s
{/usr/share/texlive/texmf-dist/fonts/enc/dvips/lm/lm-rep-cmtt.enc}{/usr/share
/texlive/texmf-dist/fonts/enc/dvips/lm/lm-rep-cmrm.enc}</usr/share/texlive/texm
f-dist/fonts/type1/public/lm/lmbx12.pfb></usr/share/texlive/texmf-dist/fonts/ty
pe1/public/lm/lmr10.pfb></usr/share/texlive/texmf-dist/fonts/type1/public/lm/lm
r12.pfb></usr/share/texlive/texmf-dist/fonts/type1/public/lm/lmr17.pfb></usr/sh
are/texlive/texmf-dist/fonts/type1/public/lm/lmtt10.pfb>
Output written on main.pdf (2 pages, 128707 bytes).
PDF statistics:
 79 PDF objects out of 1000 (max. 8388607)
 69 compressed objects within 1 object stream
 23 named destinations out of 1000 (max. 500000)
 33 words of extra memory for PDF output out of 10000 (max. 10000000)

